<?xml version="1.0" encoding="UTF-8"?>
<coverage generated="1691586986516" clover="3.2.0">
  <project timestamp="1691586986516" name="All files">
    <metrics statements="18" coveredstatements="4" conditionals="2" coveredconditionals="0" methods="13" coveredmethods="1" elements="33" coveredelements="5" complexity="0" loc="18" ncloc="18" packages="2" files="2" classes="2"/>
    <package name="pages">
      <metrics statements="14" coveredstatements="0" conditionals="2" coveredconditionals="0" methods="12" coveredmethods="0"/>
      <file name="Inicio.jsx" path="D:\DESARROLLO FrontEnd\Projects\alvaroweb2.0\src\JSX\pages\Inicio.jsx">
        <metrics statements="14" coveredstatements="0" conditionals="2" coveredconditionals="0" methods="12" coveredmethods="0"/>
        <line num="8" count="0" type="stmt"/>
        <line num="11" count="0" type="stmt"/>
        <line num="13" count="0" type="stmt"/>
        <line num="17" count="0" type="stmt"/>
        <line num="18" count="0" type="stmt"/>
        <line num="19" count="0" type="stmt"/>
        <line num="21" count="0" type="stmt"/>
        <line num="22" count="0" type="stmt"/>
        <line num="28" count="0" type="stmt"/>
        <line num="39" count="0" type="stmt"/>
        <line num="48" count="0" type="stmt"/>
        <line num="55" count="0" type="stmt"/>
        <line num="67" count="0" type="stmt"/>
        <line num="70" count="0" type="cond" truecount="0" falsecount="2"/>
      </file>
    </package>
    <package name="pages.blog_articles">
      <metrics statements="4" coveredstatements="4" conditionals="0" coveredconditionals="0" methods="1" coveredmethods="1"/>
      <file name="ContextBlog.jsx" path="D:\DESARROLLO FrontEnd\Projects\alvaroweb2.0\src\JSX\pages\blog_articles\ContextBlog.jsx">
        <metrics statements="4" coveredstatements="4" conditionals="0" coveredconditionals="0" methods="1" coveredmethods="1"/>
        <line num="3" count="1" type="stmt"/>
        <line num="5" count="1" type="stmt"/>
        <line num="6" count="1" type="stmt"/>
        <line num="421" count="1" type="stmt"/>
      </file>
    </package>
  </project>
</coverage>
