{"D:\\DESARROLLO FrontEnd\\Projects\\alvaroweb2.0\\src\\JSX\\pages\\Inicio.jsx": {"path":"D:\\DESARROLLO FrontEnd\\Projects\\alvaroweb2.0\\src\\JSX\\pages\\Inicio.jsx","statementMap":{"0":{"start":{"line":8,"column":22},"end":{"line":8,"column":46}},"1":{"start":{"line":11,"column":29},"end":{"line":11,"column":81}},"2":{"start":{"line":11,"column":71},"end":{"line":11,"column":78}},"3":{"start":{"line":13,"column":22},"end":{"line":13,"column":43}},"4":{"start":{"line":17,"column":28},"end":{"line":17,"column":60}},"5":{"start":{"line":18,"column":29},"end":{"line":18,"column":65}},"6":{"start":{"line":19,"column":34},"end":{"line":19,"column":74}},"7":{"start":{"line":21,"column":25},"end":{"line":21,"column":98}},"8":{"start":{"line":21,"column":59},"end":{"line":21,"column":91}},"9":{"start":{"line":22,"column":23},"end":{"line":22,"column":98}},"10":{"start":{"line":22,"column":35},"end":{"line":22,"column":98}},"11":{"start":{"line":22,"column":69},"end":{"line":22,"column":91}},"12":{"start":{"line":28,"column":4},"end":{"line":83,"column":5}},"13":{"start":{"line":43,"column":145},"end":{"line":43,"column":166}},"14":{"start":{"line":52,"column":61},"end":{"line":52,"column":82}},"15":{"start":{"line":59,"column":72},"end":{"line":59,"column":93}},"16":{"start":{"line":71,"column":28},"end":{"line":76,"column":38}},"17":{"start":{"line":74,"column":56},"end":{"line":74,"column":60}},"18":{"start":{"line":74,"column":71},"end":{"line":74,"column":219}},"19":{"start":{"line":74,"column":166},"end":{"line":74,"column":187}}},"fnMap":{"0":{"name":"Inicio","decl":{"start":{"line":6,"column":9},"end":{"line":6,"column":15}},"loc":{"start":{"line":6,"column":18},"end":{"line":84,"column":1}},"line":6},"1":{"name":"(anonymous_1)","decl":{"start":{"line":11,"column":66},"end":{"line":11,"column":67}},"loc":{"start":{"line":11,"column":71},"end":{"line":11,"column":78}},"line":11},"2":{"name":"(anonymous_2)","decl":{"start":{"line":21,"column":54},"end":{"line":21,"column":55}},"loc":{"start":{"line":21,"column":59},"end":{"line":21,"column":91}},"line":21},"3":{"name":"(anonymous_3)","decl":{"start":{"line":22,"column":23},"end":{"line":22,"column":24}},"loc":{"start":{"line":22,"column":35},"end":{"line":22,"column":98}},"line":22},"4":{"name":"(anonymous_4)","decl":{"start":{"line":22,"column":64},"end":{"line":22,"column":65}},"loc":{"start":{"line":22,"column":69},"end":{"line":22,"column":91}},"line":22},"5":{"name":"(anonymous_5)","decl":{"start":{"line":43,"column":141},"end":{"line":43,"column":142}},"loc":{"start":{"line":43,"column":145},"end":{"line":43,"column":166}},"line":43},"6":{"name":"(anonymous_6)","decl":{"start":{"line":52,"column":57},"end":{"line":52,"column":58}},"loc":{"start":{"line":52,"column":61},"end":{"line":52,"column":82}},"line":52},"7":{"name":"(anonymous_7)","decl":{"start":{"line":59,"column":68},"end":{"line":59,"column":69}},"loc":{"start":{"line":59,"column":72},"end":{"line":59,"column":93}},"line":59},"8":{"name":"(anonymous_8)","decl":{"start":{"line":70,"column":46},"end":{"line":70,"column":47}},"loc":{"start":{"line":70,"column":55},"end":{"line":77,"column":25}},"line":70},"9":{"name":"(anonymous_9)","decl":{"start":{"line":74,"column":51},"end":{"line":74,"column":52}},"loc":{"start":{"line":74,"column":56},"end":{"line":74,"column":60}},"line":74},"10":{"name":"(anonymous_10)","decl":{"start":{"line":74,"column":66},"end":{"line":74,"column":67}},"loc":{"start":{"line":74,"column":71},"end":{"line":74,"column":219}},"line":74},"11":{"name":"(anonymous_11)","decl":{"start":{"line":74,"column":162},"end":{"line":74,"column":163}},"loc":{"start":{"line":74,"column":166},"end":{"line":74,"column":187}},"line":74}},"branchMap":{"0":{"loc":{"start":{"line":74,"column":71},"end":{"line":74,"column":219}},"type":"cond-expr","locations":[{"start":{"line":74,"column":91},"end":{"line":74,"column":211}},{"start":{"line":74,"column":214},"end":{"line":74,"column":219}}],"line":74}},"s":{"0":0,"1":0,"2":0,"3":0,"4":0,"5":0,"6":0,"7":0,"8":0,"9":0,"10":0,"11":0,"12":0,"13":0,"14":0,"15":0,"16":0,"17":0,"18":0,"19":0},"f":{"0":0,"1":0,"2":0,"3":0,"4":0,"5":0,"6":0,"7":0,"8":0,"9":0,"10":0,"11":0},"b":{"0":[0,0]},"_coverageSchema":"1a1c01bbd47fc00a2c39e90264f33305004495a9","hash":"e7c1d3e70183b9a3b4f8d0dca8caf83eb6c15366"}
,"D:\\DESARROLLO FrontEnd\\Projects\\alvaroweb2.0\\src\\JSX\\pages\\blog_articles\\ContextBlog.jsx": {"path":"D:\\DESARROLLO FrontEnd\\Projects\\alvaroweb2.0\\src\\JSX\\pages\\blog_articles\\ContextBlog.jsx","statementMap":{"0":{"start":{"line":16,"column":28},"end":{"line":16,"column":43}},"1":{"start":{"line":18,"column":36},"end":{"line":452,"column":1}},"2":{"start":{"line":19,"column":20},"end":{"line":443,"column":6}},"3":{"start":{"line":445,"column":4},"end":{"line":451,"column":5}}},"fnMap":{"0":{"name":"(anonymous_0)","decl":{"start":{"line":18,"column":36},"end":{"line":18,"column":37}},"loc":{"start":{"line":18,"column":54},"end":{"line":452,"column":1}},"line":18}},"branchMap":{},"s":{"0":1,"1":1,"2":0,"3":0},"f":{"0":0},"b":{},"_coverageSchema":"1a1c01bbd47fc00a2c39e90264f33305004495a9","hash":"55595f373e3cce1eb89734a693653236a631b7c3"}
}
