TN:
SF:src\JSX\pages\Inicio.jsx
FN:6,Inicio
FN:11,(anonymous_1)
FN:21,(anonymous_2)
FN:22,(anonymous_3)
FN:22,(anonymous_4)
FN:39,(anonymous_5)
FN:48,(anonymous_6)
FN:55,(anonymous_7)
FN:66,(anonymous_8)
FN:70,(anonymous_9)
FN:70,(anonymous_10)
FN:70,(anonymous_11)
FNF:12
FNH:0
FNDA:0,Inicio
FNDA:0,(anonymous_1)
FNDA:0,(anonymous_2)
FNDA:0,(anonymous_3)
FNDA:0,(anonymous_4)
FNDA:0,(anonymous_5)
FNDA:0,(anonymous_6)
FNDA:0,(anonymous_7)
FNDA:0,(anonymous_8)
FNDA:0,(anonymous_9)
FNDA:0,(anonymous_10)
FNDA:0,(anonymous_11)
DA:8,0
DA:11,0
DA:13,0
DA:17,0
DA:18,0
DA:19,0
DA:21,0
DA:22,0
DA:28,0
DA:39,0
DA:48,0
DA:55,0
DA:67,0
DA:70,0
LF:14
LH:0
BRDA:70,0,0,0
BRDA:70,0,1,0
BRF:2
BRH:0
end_of_record
TN:
SF:src\JSX\pages\blog_articles\ContextBlog.jsx
FN:5,(anonymous_0)
FNF:1
FNH:1
FNDA:1,(anonymous_0)
DA:3,1
DA:5,1
DA:6,1
DA:421,1
LF:4
LH:4
BRF:0
BRH:0
end_of_record
