TN:
SF:src\JSX\pages\Inicio.jsx
FN:6,Inicio
FN:11,(anonymous_1)
FN:21,(anonymous_2)
FN:22,(anonymous_3)
FN:22,(anonymous_4)
FN:43,(anonymous_5)
FN:52,(anonymous_6)
FN:59,(anonymous_7)
FN:70,(anonymous_8)
FN:74,(anonymous_9)
FN:74,(anonymous_10)
FN:74,(anonymous_11)
FNF:12
FNH:0
FNDA:0,Inicio
FNDA:0,(anonymous_1)
FNDA:0,(anonymous_2)
FNDA:0,(anonymous_3)
FNDA:0,(anonymous_4)
FNDA:0,(anonymous_5)
FNDA:0,(anonymous_6)
FNDA:0,(anonymous_7)
FNDA:0,(anonymous_8)
FNDA:0,(anonymous_9)
FNDA:0,(anonymous_10)
FNDA:0,(anonymous_11)
DA:8,0
DA:11,0
DA:13,0
DA:17,0
DA:18,0
DA:19,0
DA:21,0
DA:22,0
DA:28,0
DA:43,0
DA:52,0
DA:59,0
DA:71,0
DA:74,0
LF:14
LH:0
BRDA:74,0,0,0
BRDA:74,0,1,0
BRF:2
BRH:0
end_of_record
TN:
SF:src\JSX\pages\blog_articles\ContextBlog.jsx
FN:18,(anonymous_0)
FNF:1
FNH:0
FNDA:0,(anonymous_0)
DA:16,1
DA:18,1
DA:19,0
DA:445,0
LF:4
LH:2
BRF:0
BRH:0
end_of_record
